08/25/2020 08:38:15 PM - LoginPage - INFO: Element Found with locator: Login and  locatorType: link
08/25/2020 08:38:15 PM - LoginPage - INFO: Clicked on element with locator: Login locatorType: link
08/25/2020 08:38:18 PM - LoginPage - INFO: Element Found with locator: user_email and  locatorType: id
08/25/2020 08:38:19 PM - LoginPage - INFO: Sent data on element with locator: user_email locatorType: id
08/25/2020 08:38:19 PM - LoginPage - INFO: Element Found with locator: user_password and  locatorType: id
08/25/2020 08:38:19 PM - LoginPage - INFO: Sent data on element with locator: user_password locatorType: id
08/25/2020 08:38:19 PM - LoginPage - INFO: Element Found with locator: commit and  locatorType: name
08/25/2020 08:38:21 PM - LoginPage - INFO: Clicked on element with locator: commit locatorType: name
08/25/2020 08:38:21 PM - LoginPage - INFO: Element Found with locator: //div[contains(text(),'Invalid email or password')] and  locatorType: xpath
08/25/2020 08:38:21 PM - LoginPage - INFO: Element Found
08/25/2020 08:38:23 PM - LoginPage - INFO: Element not found with locator: Login and  locatorType: link
08/25/2020 08:38:23 PM - LoginPage - INFO: Cannot click on the element with locator: Login locatorType: link
08/25/2020 08:38:25 PM - LoginPage - INFO: Element Found with locator: user_email and  locatorType: id
08/25/2020 08:38:25 PM - LoginPage - INFO: Sent data on element with locator: user_email locatorType: id
08/25/2020 08:38:25 PM - LoginPage - INFO: Element Found with locator: user_password and  locatorType: id
08/25/2020 08:38:25 PM - LoginPage - INFO: Sent data on element with locator: user_password locatorType: id
08/25/2020 08:38:25 PM - LoginPage - INFO: Element Found with locator: commit and  locatorType: name
08/25/2020 08:38:30 PM - LoginPage - INFO: Clicked on element with locator: commit locatorType: name
08/25/2020 08:38:30 PM - LoginPage - INFO: Element Found with locator: //img[@class='course-box-image'] and  locatorType: xpath
08/25/2020 08:38:30 PM - LoginPage - INFO: Element Found
08/25/2020 08:44:11 PM - LoginPage - INFO: Element Found with locator: Login and  locatorType: link
08/25/2020 08:44:11 PM - LoginPage - INFO: Clicked on element with locator: Login locatorType: link
08/25/2020 08:44:14 PM - LoginPage - INFO: Element Found with locator: user_email and  locatorType: id
08/25/2020 08:44:14 PM - LoginPage - INFO: Sent data on element with locator: user_email locatorType: id
08/25/2020 08:44:14 PM - LoginPage - INFO: Element Found with locator: user_password and  locatorType: id
08/25/2020 08:44:14 PM - LoginPage - INFO: Sent data on element with locator: user_password locatorType: id
08/25/2020 08:44:14 PM - LoginPage - INFO: Element Found with locator: commit and  locatorType: name
08/25/2020 08:44:17 PM - LoginPage - INFO: Clicked on element with locator: commit locatorType: name
08/25/2020 08:44:17 PM - LoginPage - INFO: Element Found with locator: //img[@class='course-box-image'] and  locatorType: xpath
08/25/2020 08:44:17 PM - LoginPage - INFO: Element Found
08/25/2020 08:47:59 PM - LoginPage - INFO: Element Found with locator: Login and  locatorType: link
08/25/2020 08:48:00 PM - LoginPage - INFO: Clicked on element with locator: Login locatorType: link
08/25/2020 08:48:03 PM - LoginPage - INFO: Element Found with locator: user_email and  locatorType: id
08/25/2020 08:48:03 PM - LoginPage - INFO: Sent data on element with locator: user_email locatorType: id
08/25/2020 08:48:03 PM - LoginPage - INFO: Element Found with locator: user_password and  locatorType: id
08/25/2020 08:48:03 PM - LoginPage - INFO: Sent data on element with locator: user_password locatorType: id
08/25/2020 08:48:03 PM - LoginPage - INFO: Element Found with locator: commit and  locatorType: name
08/25/2020 08:48:06 PM - LoginPage - INFO: Clicked on element with locator: commit locatorType: name
08/25/2020 08:48:06 PM - LoginPage - INFO: Element Found with locator: //div[contains(text(),'Invalid email or password')] and  locatorType: xpath
08/25/2020 08:48:06 PM - LoginPage - INFO: Element Found
08/25/2020 08:48:08 PM - LoginPage - INFO: Element not found with locator: Login and  locatorType: link
08/25/2020 08:48:08 PM - LoginPage - INFO: Cannot click on the element with locator: Login locatorType: link
08/25/2020 08:48:10 PM - LoginPage - INFO: Element Found with locator: user_email and  locatorType: id
08/25/2020 08:48:10 PM - LoginPage - INFO: Sent data on element with locator: user_email locatorType: id
08/25/2020 08:48:10 PM - LoginPage - INFO: Element Found with locator: user_password and  locatorType: id
08/25/2020 08:48:11 PM - LoginPage - INFO: Sent data on element with locator: user_password locatorType: id
08/25/2020 08:48:11 PM - LoginPage - INFO: Element Found with locator: commit and  locatorType: name
08/25/2020 08:48:13 PM - LoginPage - INFO: Clicked on element with locator: commit locatorType: name
08/25/2020 08:48:14 PM - LoginPage - INFO: Element Found with locator: //img[@class='course-box-image'] and  locatorType: xpath
08/25/2020 08:48:14 PM - LoginPage - INFO: Element Found
08/25/2020 08:55:56 PM - LoginPage - INFO: Element Found with locator: Login and  locatorType: link
08/25/2020 08:55:56 PM - LoginPage - INFO: Clicked on element with locator: Login locatorType: link
08/25/2020 08:56:01 PM - LoginPage - INFO: Element Found with locator: user_email and  locatorType: id
08/25/2020 08:56:01 PM - LoginPage - INFO: Sent data on element with locator: user_email locatorType: id
08/25/2020 08:56:01 PM - LoginPage - INFO: Element Found with locator: user_password and  locatorType: id
08/25/2020 08:56:01 PM - LoginPage - INFO: Sent data on element with locator: user_password locatorType: id
08/25/2020 08:56:01 PM - LoginPage - INFO: Element Found with locator: commit and  locatorType: name
08/25/2020 08:56:04 PM - LoginPage - INFO: Clicked on element with locator: commit locatorType: name
08/25/2020 08:56:04 PM - LoginPage - INFO: Element Found with locator: //div[contains(text(),'Invalid email or password')] and  locatorType: xpath
08/25/2020 08:56:04 PM - LoginPage - INFO: Element Found
08/25/2020 08:56:06 PM - LoginPage - INFO: Element not found with locator: Login and  locatorType: link
08/25/2020 08:56:06 PM - LoginPage - INFO: Cannot click on the element with locator: Login locatorType: link
08/25/2020 08:56:08 PM - LoginPage - INFO: Element Found with locator: user_email and  locatorType: id
08/25/2020 08:56:08 PM - LoginPage - INFO: Sent data on element with locator: user_email locatorType: id
08/25/2020 08:56:08 PM - LoginPage - INFO: Element Found with locator: user_password and  locatorType: id
08/25/2020 08:56:08 PM - LoginPage - INFO: Sent data on element with locator: user_password locatorType: id
08/25/2020 08:56:08 PM - LoginPage - INFO: Element Found with locator: commit and  locatorType: name
08/25/2020 08:56:11 PM - LoginPage - INFO: Clicked on element with locator: commit locatorType: name
08/25/2020 08:56:11 PM - LoginPage - INFO: Element Found with locator: //img[@class='course-box-image'] and  locatorType: xpath
08/25/2020 08:56:11 PM - LoginPage - INFO: Element Found
08/25/2020 09:52:37 PM - LoginPage - INFO: Element Found with locator: Login and  locatorType: link
08/25/2020 09:52:37 PM - LoginPage - INFO: Clicked on element with locator: Login locatorType: link
08/25/2020 09:52:37 PM - LoginPage - INFO: Element Found with locator: Login and  locatorType: link
08/25/2020 09:52:37 PM - LoginPage - INFO: Clicked on element with locator: Login locatorType: link
08/25/2020 09:54:58 PM - LoginPage - INFO: Element Found with locator: Login and  locatorType: link
08/25/2020 09:54:58 PM - LoginPage - INFO: Clicked on element with locator: Login locatorType: link
08/25/2020 09:55:00 PM - LoginPage - INFO: Element Found with locator: user_email and  locatorType: id
08/25/2020 09:55:01 PM - LoginPage - INFO: Element Found with locator: user_password and  locatorType: id
08/25/2020 09:55:01 PM - LoginPage - INFO: Element Found with locator: user_email and  locatorType: id
08/25/2020 09:55:01 PM - LoginPage - INFO: Sent data on element with locator: user_email locatorType: id
08/25/2020 09:55:01 PM - LoginPage - INFO: Element Found with locator: user_password and  locatorType: id
08/25/2020 09:55:01 PM - LoginPage - INFO: Sent data on element with locator: user_password locatorType: id
08/25/2020 09:55:04 PM - LoginPage - INFO: Element Found with locator: commit and  locatorType: name
08/25/2020 09:55:06 PM - LoginPage - INFO: Clicked on element with locator: commit locatorType: name
08/25/2020 09:55:06 PM - LoginPage - INFO: Element Found with locator: //div[contains(text(),'Invalid email or password')] and  locatorType: xpath
08/25/2020 09:55:06 PM - LoginPage - INFO: Element Found
08/25/2020 09:55:08 PM - LoginPage - INFO: Element not found with locator: Login and  locatorType: link
08/25/2020 09:55:08 PM - LoginPage - INFO: Cannot click on the element with locator: Login locatorType: link
08/25/2020 09:55:08 PM - LoginPage - INFO: Element Found with locator: user_email and  locatorType: id
08/25/2020 09:55:08 PM - LoginPage - INFO: Element Found with locator: user_password and  locatorType: id
08/25/2020 09:55:08 PM - LoginPage - INFO: Element Found with locator: user_email and  locatorType: id
08/25/2020 09:55:08 PM - LoginPage - INFO: Sent data on element with locator: user_email locatorType: id
08/25/2020 09:55:08 PM - LoginPage - INFO: Element Found with locator: user_password and  locatorType: id
08/25/2020 09:55:08 PM - LoginPage - INFO: Sent data on element with locator: user_password locatorType: id
08/25/2020 09:55:11 PM - LoginPage - INFO: Element Found with locator: commit and  locatorType: name
08/25/2020 09:55:15 PM - LoginPage - INFO: Clicked on element with locator: commit locatorType: name
08/25/2020 09:55:15 PM - LoginPage - INFO: Element Found with locator: //img[@class='course-box-image'] and  locatorType: xpath
08/25/2020 09:55:15 PM - LoginPage - INFO: Element Found
08/27/2020 10:38:39 AM - LoginPage - INFO: Element Found with locator: Login and  locatorType: link
08/27/2020 10:38:39 AM - LoginPage - INFO: Clicked on element with locator: Login locatorType: link
08/27/2020 10:38:39 AM - LoginPage - INFO: Element not found with locator: user_email and  locatorType: id
08/27/2020 10:38:39 AM - LoginPage - INFO: Element Found with locator: Login and  locatorType: link
08/27/2020 10:38:39 AM - LoginPage - INFO: Clicked on element with locator: Login locatorType: link
08/27/2020 10:38:39 AM - LoginPage - INFO: Element not found with locator: user_email and  locatorType: id
08/27/2020 10:41:32 AM - LoginPage - INFO: Element Found with locator: Login and  locatorType: link
08/27/2020 10:41:32 AM - LoginPage - INFO: Clicked on element with locator: Login locatorType: link
08/27/2020 10:41:34 AM - LoginPage - INFO: Element Found with locator: user_email and  locatorType: id
08/27/2020 10:41:34 AM - LoginPage - INFO: Element Found with locator: user_password and  locatorType: id
08/27/2020 10:41:34 AM - LoginPage - INFO: Element Found with locator: user_email and  locatorType: id
08/27/2020 10:41:34 AM - LoginPage - INFO: Sent data on element with locator: user_email locatorType: id
08/27/2020 10:41:34 AM - LoginPage - INFO: Element Found with locator: user_password and  locatorType: id
08/27/2020 10:41:34 AM - LoginPage - INFO: Sent data on element with locator: user_password locatorType: id
08/27/2020 10:41:37 AM - LoginPage - INFO: Element Found with locator: commit and  locatorType: name
08/27/2020 10:41:39 AM - LoginPage - INFO: Clicked on element with locator: commit locatorType: name
08/27/2020 10:41:39 AM - LoginPage - INFO: Element Found with locator: //div[contains(text(),'Invalid email or password')] and  locatorType: xpath
08/27/2020 10:41:39 AM - LoginPage - INFO: Element Found
08/27/2020 10:41:42 AM - LoginPage - INFO: Element not found with locator: Login and  locatorType: link
08/27/2020 10:41:42 AM - LoginPage - INFO: Cannot click on the element with locator: Login locatorType: link
08/27/2020 10:41:42 AM - LoginPage - INFO: Element Found with locator: user_email and  locatorType: id
08/27/2020 10:41:42 AM - LoginPage - INFO: Element Found with locator: user_password and  locatorType: id
08/27/2020 10:41:42 AM - LoginPage - INFO: Element Found with locator: user_email and  locatorType: id
08/27/2020 10:41:42 AM - LoginPage - INFO: Sent data on element with locator: user_email locatorType: id
08/27/2020 10:41:42 AM - LoginPage - INFO: Element Found with locator: user_password and  locatorType: id
08/27/2020 10:41:42 AM - LoginPage - INFO: Sent data on element with locator: user_password locatorType: id
08/27/2020 10:41:45 AM - LoginPage - INFO: Element Found with locator: commit and  locatorType: name
08/27/2020 10:41:48 AM - LoginPage - INFO: Clicked on element with locator: commit locatorType: name
08/27/2020 10:41:48 AM - LoginPage - INFO: Element Found with locator: //img[@class='course-box-image'] and  locatorType: xpath
08/27/2020 10:41:48 AM - LoginPage - INFO: Element Found
08/27/2020 10:43:30 AM - LoginPage - INFO: Element Found with locator: Login and  locatorType: link
08/27/2020 10:43:30 AM - LoginPage - INFO: Clicked on element with locator: Login locatorType: link
08/27/2020 10:43:30 AM - LoginPage - INFO: Element not found with locator: user_email and  locatorType: id
08/27/2020 10:43:30 AM - LoginPage - INFO: Element Found with locator: Login and  locatorType: link
08/27/2020 10:43:30 AM - LoginPage - INFO: Clicked on element with locator: Login locatorType: link
08/27/2020 10:43:30 AM - LoginPage - INFO: Element not found with locator: user_email and  locatorType: id
08/27/2020 10:44:34 AM - LoginPage - INFO: Element Found with locator: Login and  locatorType: link
08/27/2020 10:44:34 AM - LoginPage - INFO: Clicked on element with locator: Login locatorType: link
08/27/2020 10:44:38 AM - LoginPage - INFO: Element Found with locator: user_email and  locatorType: id
08/27/2020 10:44:38 AM - LoginPage - INFO: Element Found with locator: user_password and  locatorType: id
08/27/2020 10:44:38 AM - LoginPage - INFO: Element Found with locator: user_email and  locatorType: id
08/27/2020 10:44:38 AM - LoginPage - INFO: Sent data on element with locator: user_email locatorType: id
08/27/2020 10:44:38 AM - LoginPage - INFO: Element Found with locator: user_password and  locatorType: id
08/27/2020 10:44:38 AM - LoginPage - INFO: Sent data on element with locator: user_password locatorType: id
08/27/2020 10:44:41 AM - LoginPage - INFO: Element Found with locator: commit and  locatorType: name
08/27/2020 10:44:43 AM - LoginPage - INFO: Clicked on element with locator: commit locatorType: name
08/27/2020 10:44:43 AM - LoginPage - INFO: Element Found with locator: //div[contains(text(),'Invalid email or password')] and  locatorType: xpath
08/27/2020 10:44:43 AM - LoginPage - INFO: Element Found
08/27/2020 10:44:46 AM - LoginPage - INFO: Element not found with locator: Login and  locatorType: link
08/27/2020 10:44:46 AM - LoginPage - INFO: Cannot click on the element with locator: Login locatorType: link
08/27/2020 10:44:46 AM - LoginPage - INFO: Element Found with locator: user_email and  locatorType: id
08/27/2020 10:44:46 AM - LoginPage - INFO: Element Found with locator: user_password and  locatorType: id
08/27/2020 10:44:46 AM - LoginPage - INFO: Element Found with locator: user_email and  locatorType: id
08/27/2020 10:44:46 AM - LoginPage - INFO: Sent data on element with locator: user_email locatorType: id
08/27/2020 10:44:46 AM - LoginPage - INFO: Element Found with locator: user_password and  locatorType: id
08/27/2020 10:44:46 AM - LoginPage - INFO: Sent data on element with locator: user_password locatorType: id
08/27/2020 10:44:49 AM - LoginPage - INFO: Element Found with locator: commit and  locatorType: name
08/27/2020 10:44:53 AM - LoginPage - INFO: Clicked on element with locator: commit locatorType: name
08/27/2020 10:44:53 AM - LoginPage - INFO: Element Found with locator: //img[@class='course-box-image'] and  locatorType: xpath
08/27/2020 10:44:53 AM - LoginPage - INFO: Element Found
08/27/2020 10:58:08 AM - LoginPage - INFO: Element Found with locator: Login and  locatorType: link
08/27/2020 10:58:09 AM - LoginPage - INFO: Clicked on element with locator: Login locatorType: link
08/27/2020 10:58:11 AM - LoginPage - INFO: Element Found with locator: user_email and  locatorType: id
08/27/2020 10:58:11 AM - LoginPage - INFO: Element Found with locator: user_password and  locatorType: id
08/27/2020 10:58:11 AM - LoginPage - INFO: Element Found with locator: user_email and  locatorType: id
08/27/2020 10:58:11 AM - LoginPage - INFO: Sent data on element with locator: user_email locatorType: id
08/27/2020 10:58:11 AM - LoginPage - INFO: Element Found with locator: user_password and  locatorType: id
08/27/2020 10:58:11 AM - LoginPage - INFO: Sent data on element with locator: user_password locatorType: id
08/27/2020 10:58:14 AM - LoginPage - INFO: Element Found with locator: commit and  locatorType: name
08/27/2020 10:58:16 AM - LoginPage - INFO: Clicked on element with locator: commit locatorType: name
08/27/2020 10:58:16 AM - LoginPage - INFO: Element Found with locator: //div[contains(text(),'Invalid email or password')] and  locatorType: xpath
08/27/2020 10:58:16 AM - LoginPage - INFO: Element Found
08/27/2020 10:58:20 AM - LoginPage - INFO: Element not found with locator: Login and  locatorType: link
08/27/2020 10:58:20 AM - LoginPage - INFO: Cannot click on the element with locator: Login locatorType: link
08/27/2020 10:58:20 AM - LoginPage - INFO: Element Found with locator: user_email and  locatorType: id
08/27/2020 10:58:20 AM - LoginPage - INFO: Element Found with locator: user_password and  locatorType: id
08/27/2020 10:58:20 AM - LoginPage - INFO: Element Found with locator: user_email and  locatorType: id
08/27/2020 10:58:20 AM - LoginPage - INFO: Sent data on element with locator: user_email locatorType: id
08/27/2020 10:58:20 AM - LoginPage - INFO: Element Found with locator: user_password and  locatorType: id
08/27/2020 10:58:20 AM - LoginPage - INFO: Sent data on element with locator: user_password locatorType: id
08/27/2020 10:58:23 AM - LoginPage - INFO: Element Found with locator: commit and  locatorType: name
08/27/2020 10:58:26 AM - LoginPage - INFO: Clicked on element with locator: commit locatorType: name
08/27/2020 10:58:26 AM - LoginPage - INFO: Element Found with locator: //img[@class='course-box-image'] and  locatorType: xpath
08/27/2020 10:58:26 AM - LoginPage - INFO: Element Found
08/27/2020 11:00:18 AM - LoginPage - INFO: Element Found with locator: Login and  locatorType: link
08/27/2020 11:00:18 AM - LoginPage - INFO: Clicked on element with locator: Login locatorType: link
08/27/2020 11:00:20 AM - LoginPage - INFO: Element Found with locator: user_email and  locatorType: id
08/27/2020 11:00:20 AM - LoginPage - INFO: Element Found with locator: user_password and  locatorType: id
08/27/2020 11:00:20 AM - LoginPage - INFO: Element Found with locator: user_email and  locatorType: id
08/27/2020 11:00:20 AM - LoginPage - INFO: Sent data on element with locator: user_email locatorType: id
08/27/2020 11:00:20 AM - LoginPage - INFO: Element Found with locator: user_password and  locatorType: id
08/27/2020 11:00:20 AM - LoginPage - INFO: Sent data on element with locator: user_password locatorType: id
08/27/2020 11:00:23 AM - LoginPage - INFO: Element Found with locator: commit and  locatorType: name
08/27/2020 11:00:25 AM - LoginPage - INFO: Clicked on element with locator: commit locatorType: name
08/27/2020 11:00:25 AM - LoginPage - INFO: Element Found with locator: //div[contains(text(),'Invalid email or password')] and  locatorType: xpath
08/27/2020 11:00:25 AM - LoginPage - INFO: Element Found
08/27/2020 11:00:28 AM - LoginPage - INFO: Element not found with locator: Login and  locatorType: link
08/27/2020 11:00:28 AM - LoginPage - INFO: Cannot click on the element with locator: Login locatorType: link
08/27/2020 11:00:28 AM - LoginPage - INFO: Element Found with locator: user_email and  locatorType: id
08/27/2020 11:00:28 AM - LoginPage - INFO: Element Found with locator: user_password and  locatorType: id
08/27/2020 11:00:28 AM - LoginPage - INFO: Element Found with locator: user_email and  locatorType: id
08/27/2020 11:00:28 AM - LoginPage - INFO: Sent data on element with locator: user_email locatorType: id
08/27/2020 11:00:28 AM - LoginPage - INFO: Element Found with locator: user_password and  locatorType: id
08/27/2020 11:00:28 AM - LoginPage - INFO: Sent data on element with locator: user_password locatorType: id
08/27/2020 11:00:31 AM - LoginPage - INFO: Element Found with locator: commit and  locatorType: name
08/27/2020 11:00:35 AM - LoginPage - INFO: Clicked on element with locator: commit locatorType: name
08/27/2020 11:00:35 AM - LoginPage - INFO: Element Found with locator: //img[@class='course-box-image'] and  locatorType: xpath
08/27/2020 11:00:35 AM - LoginPage - INFO: Element Found
